[0m11:02:30.067209 [debug] [MainThread]: Sending event: {'category': 'dbt', 'action': 'invocation', 'label': 'start', 'context': [<snowplow_tracker.self_describing_json.SelfDescribingJson object at 0x000001E859447B30>, <snowplow_tracker.self_describing_json.SelfDescribingJson object at 0x000001E8596AFA70>, <snowplow_tracker.self_describing_json.SelfDescribingJson object at 0x000001E8594FEDE0>]}


============================== 11:02:30.092866 | bac78dee-b87d-43a1-8c07-0d82ffe39028 ==============================
[0m11:02:30.092866 [info ] [MainThread]: Running with dbt=1.11.7
[0m11:02:30.095424 [debug] [MainThread]: running dbt with arguments {'static_parser': 'True', 'no_print': 'None', 'version_check': 'True', 'target_path': 'None', 'warn_error_options': 'WarnErrorOptionsV2(error=[], warn=[], silence=[])', 'printer_width': '80', 'write_json': 'True', 'empty': 'None', 'log_cache_events': 'False', 'introspect': 'True', 'cache_selected_only': 'False', 'log_format': 'default', 'debug': 'False', 'fail_fast': 'False', 'profiles_dir': 'C:\\Users\\admin\\.dbt', 'send_anonymous_usage_stats': 'True', 'quiet': 'False', 'warn_error': 'None', 'partial_parse': 'True', 'use_colors': 'True', 'invocation_command': 'dbt init --skip-profile-setup airbnb', 'indirect_selection': 'eager', 'use_experimental_parser': 'False', 'log_path': 'logs'}
[0m11:02:31.104520 [info ] [MainThread]: Creating dbt configuration folder at C:\Users\admin\.dbt
[0m11:02:31.158155 [debug] [MainThread]: Starter project path: E:\project\Tự học dbt\dbt-student-repo\.venv\Lib\site-packages\dbt\include\starter_project
[0m11:02:31.266664 [info ] [MainThread]: 
Your new dbt project "airbnb" was created!

For more information on how to configure the profiles.yml file,
please consult the dbt documentation here:

  https://docs.getdbt.com/docs/configure-your-profile

One more thing:

Need help? Don't hesitate to reach out to us via GitHub issues or on Slack:

  https://community.getdbt.com/

Happy modeling!

[0m11:02:31.275777 [debug] [MainThread]: Command `dbt init` succeeded at 11:02:31.275777 after 1.75 seconds
[0m11:02:31.277887 [debug] [MainThread]: Sending event: {'category': 'dbt', 'action': 'invocation', 'label': 'end', 'context': [<snowplow_tracker.self_describing_json.SelfDescribingJson object at 0x000001E85987DB20>, <snowplow_tracker.self_describing_json.SelfDescribingJson object at 0x000001E8599567E0>, <snowplow_tracker.self_describing_json.SelfDescribingJson object at 0x000001E8599550A0>]}
[0m11:02:31.277887 [debug] [MainThread]: Flushing usage events
[0m11:02:33.551839 [debug] [MainThread]: An error was encountered while trying to flush usage events
[0m11:04:48.653674 [debug] [MainThread]: Sending event: {'category': 'dbt', 'action': 'invocation', 'label': 'start', 'context': [<snowplow_tracker.self_describing_json.SelfDescribingJson object at 0x000002C1CC98D4C0>, <snowplow_tracker.self_describing_json.SelfDescribingJson object at 0x000002C1CD16A330>, <snowplow_tracker.self_describing_json.SelfDescribingJson object at 0x000002C1C9861EB0>]}


============================== 11:04:48.685635 | 613c127e-1b9d-4d89-91ad-155b520b03da ==============================
[0m11:04:48.685635 [info ] [MainThread]: Running with dbt=1.11.7
[0m11:04:48.685635 [debug] [MainThread]: running dbt with arguments {'version_check': 'True', 'no_print': 'None', 'static_parser': 'True', 'target_path': 'None', 'warn_error_options': 'WarnErrorOptionsV2(error=[], warn=[], silence=[])', 'printer_width': '80', 'write_json': 'True', 'introspect': 'True', 'log_cache_events': 'False', 'empty': 'None', 'cache_selected_only': 'False', 'fail_fast': 'False', 'debug': 'False', 'log_format': 'default', 'profiles_dir': 'C:\\Users\\admin\\.dbt', 'send_anonymous_usage_stats': 'True', 'quiet': 'False', 'warn_error': 'None', 'partial_parse': 'True', 'use_colors': 'True', 'invocation_command': 'dbt debug', 'indirect_selection': 'eager', 'use_experimental_parser': 'False', 'log_path': 'logs'}
[0m11:04:48.868128 [info ] [MainThread]: dbt version: 1.11.7
[0m11:04:48.868128 [info ] [MainThread]: python version: 3.12.2
[0m11:04:48.868128 [info ] [MainThread]: python path: E:\project\Tự học dbt\dbt-student-repo\.venv\Scripts\python.exe
[0m11:04:48.877404 [info ] [MainThread]: os info: Windows-11-10.0.26200-SP0
[0m11:04:48.877404 [info ] [MainThread]: Using profiles dir at C:\Users\admin\.dbt
[0m11:04:48.877404 [info ] [MainThread]: Using profiles.yml file at C:\Users\admin\.dbt\profiles.yml
[0m11:04:48.884626 [info ] [MainThread]: Using dbt_project.yml file at E:\project\Tự học dbt\dbt-student-repo\dbt_project.yml
[0m11:04:48.884626 [info ] [MainThread]: Configuration:
[0m11:04:48.884626 [info ] [MainThread]:   profiles.yml file [[31mERROR not found[0m]
[0m11:04:48.893443 [info ] [MainThread]:   dbt_project.yml file [[31mERROR not found[0m]
[0m11:04:48.902945 [info ] [MainThread]: Required dependencies:
[0m11:04:48.909148 [debug] [MainThread]: Executing "git --help"
[0m11:04:49.028847 [debug] [MainThread]: STDOUT: "b"usage: git [-v | --version] [-h | --help] [-C <path>] [-c <name>=<value>]\n           [--exec-path[=<path>]] [--html-path] [--man-path] [--info-path]\n           [-p | --paginate | -P | --no-pager] [--no-replace-objects] [--no-lazy-fetch]\n           [--no-optional-locks] [--no-advice] [--bare] [--git-dir=<path>]\n           [--work-tree=<path>] [--namespace=<name>] [--config-env=<name>=<envvar>]\n           <command> [<args>]\n\nThese are common Git commands used in various situations:\n\nstart a working area (see also: git help tutorial)\n   clone      Clone a repository into a new directory\n   init       Create an empty Git repository or reinitialize an existing one\n\nwork on the current change (see also: git help everyday)\n   add        Add file contents to the index\n   mv         Move or rename a file, a directory, or a symlink\n   restore    Restore working tree files\n   rm         Remove files from the working tree and from the index\n\nexamine the history and state (see also: git help revisions)\n   bisect     Use binary search to find the commit that introduced a bug\n   diff       Show changes between commits, commit and working tree, etc\n   grep       Print lines matching a pattern\n   log        Show commit logs\n   show       Show various types of objects\n   status     Show the working tree status\n\ngrow, mark and tweak your common history\n   backfill   Download missing objects in a partial clone\n   branch     List, create, or delete branches\n   commit     Record changes to the repository\n   merge      Join two or more development histories together\n   rebase     Reapply commits on top of another base tip\n   reset      Reset current HEAD to the specified state\n   switch     Switch branches\n   tag        Create, list, delete or verify a tag object signed with GPG\n\ncollaborate (see also: git help workflows)\n   fetch      Download objects and refs from another repository\n   pull       Fetch from and integrate with another repository or a local branch\n   push       Update remote refs along with associated objects\n\n'git help -a' and 'git help -g' list available subcommands and some\nconcept guides. See 'git help <command>' or 'git help <concept>'\nto read about a specific subcommand or concept.\nSee 'git help git' for an overview of the system.\n""
[0m11:04:49.032739 [debug] [MainThread]: STDERR: "b''"
[0m11:04:49.032739 [info ] [MainThread]:  - git [[32mOK found[0m]

[0m11:04:49.032739 [info ] [MainThread]: Connection test skipped since no profile was found
[0m11:04:49.037171 [info ] [MainThread]: [31m2 checks failed:[0m
[0m11:04:49.039679 [info ] [MainThread]: dbt looked for a profiles.yml file in C:\Users\admin\.dbt\profiles.yml, but did
not find one. For more information on configuring your profile, consult the
documentation:

https://docs.getdbt.com/docs/configure-your-profile


[0m11:04:49.039679 [info ] [MainThread]: Project loading failed for the following reason:
 project path <E:\project\Tự học dbt\dbt-student-repo\dbt_project.yml> not found

[0m11:04:49.045339 [debug] [MainThread]: Command `dbt debug` failed at 11:04:49.045339 after 0.86 seconds
[0m11:04:49.045339 [debug] [MainThread]: Sending event: {'category': 'dbt', 'action': 'invocation', 'label': 'end', 'context': [<snowplow_tracker.self_describing_json.SelfDescribingJson object at 0x000002C1CD0E33B0>, <snowplow_tracker.self_describing_json.SelfDescribingJson object at 0x000002C1CD152780>, <snowplow_tracker.self_describing_json.SelfDescribingJson object at 0x000002C1CD4DDF70>]}
[0m11:04:49.053549 [debug] [MainThread]: Flushing usage events
[0m11:04:51.137397 [debug] [MainThread]: An error was encountered while trying to flush usage events
